#
# There is insufficient memory for the Java Runtime Environment to continue.
# Native memory allocation (mmap) failed to map 65536 bytes for Failed to commit metaspace.
# Possible reasons:
#   The system is out of physical RAM or swap space
#   The process is running with CompressedOops enabled, and the Java Heap may be blocking the growth of the native heap
# Possible solutions:
#   Reduce memory load on the system
#   Increase physical memory or swap space
#   Check if swap backing store is full
#   Decrease Java heap size (-Xmx/-Xms)
#   Decrease number of Java threads
#   Decrease Java thread stack sizes (-Xss)
#   Set larger code cache with -XX:ReservedCodeCacheSize=
#   JVM is running with Unscaled Compressed Oops mode in which the Java heap is
#     placed in the first 4GB address space. The Java Heap base address is the
#     maximum limit for the native heap growth. Please use -XX:HeapBaseMinAddress
#     to set the Java Heap base and to place the Java Heap above 4GB virtual address.
# This output file may be truncated or incomplete.
#
#  Out of Memory Error (virtualSpaceNode.cpp:110), pid=18236, tid=1552
#
# JRE version: Java(TM) SE Runtime Environment (17.0.1+12) (build 17.0.1+12-LTS-39)
# Java VM: Java HotSpot(TM) 64-Bit Server VM (17.0.1+12-LTS-39, mixed mode, emulated-client, tiered, compressed oops, compressed class ptrs, g1 gc, windows-amd64)
# No core dump will be written. Minidumps are not enabled by default on client versions of Windows
#

---------------  S U M M A R Y ------------

Command Line: -Dcom.sun.management.jmxremote -Dcom.sun.management.jmxremote.port=56404 -Dcom.sun.management.jmxremote.authenticate=false -Dcom.sun.management.jmxremote.ssl=false -Djava.rmi.server.hostname=localhost -Dspring.jmx.enabled=true -Dmanagement.endpoints.jmx.exposure.include=* -Dspring.application.admin.enabled=true -Dspring.output.ansi.enabled=always -XX:TieredStopAtLevel=1 -Dspring.boot.project.name=RESTAPICRUD -Dfile.encoding=UTF-8 -Dstdout.encoding=UTF-8 -Dstderr.encoding=UTF-8 -XX:+ShowCodeDetailsInExceptionMessages com.example.demo.RestapicrudApplication

Host: 11th Gen Intel(R) Core(TM) i3-1115G4 @ 3.00GHz, 4 cores, 3G,  Windows 10 , 64 bit Build 22621 (10.0.22621.5124)
Time: Fri May 23 13:16:01 2025 India Standard Time elapsed time: 9.246450 seconds (0d 0h 0m 9s)

---------------  T H R E A D  ---------------

Current thread (0x0000020dbe4ae170):  JavaThread "restartedMain" [_thread_in_vm, id=1552, stack(0x00000033cf600000,0x00000033cf700000)]

Stack: [0x00000033cf600000,0x00000033cf700000]
Native frames: (J=compiled Java code, j=interpreted, Vv=VM code, C=native code)
V  [jvm.dll+0x66fa1a]
V  [jvm.dll+0x7ce5a4]
V  [jvm.dll+0x7cfd4e]
V  [jvm.dll+0x7d03b3]
V  [jvm.dll+0x242b05]
V  [jvm.dll+0x7ca54b]
V  [jvm.dll+0x615b76]
V  [jvm.dll+0x1be19e]
V  [jvm.dll+0x6184b1]
V  [jvm.dll+0x616516]
V  [jvm.dll+0x620187]
V  [jvm.dll+0x1e7dcb]
V  [jvm.dll+0x1e8305]
V  [jvm.dll+0x1e8d3f]
V  [jvm.dll+0x1de1f1]
V  [jvm.dll+0x537690]
V  [jvm.dll+0x7496c8]
V  [jvm.dll+0x7497b4]
V  [jvm.dll+0x408995]
V  [jvm.dll+0x40e9e8]
C  [java.dll+0x17ec]

Java frames: (J=compiled Java code, j=interpreted, Vv=VM code)
J 1183  java.lang.ClassLoader.defineClass1(Ljava/lang/ClassLoader;Ljava/lang/String;[BIILjava/security/ProtectionDomain;Ljava/lang/String;)Ljava/lang/Class; java.base@17.0.1 (0 bytes) @ 0x0000020db5f288db [0x0000020db5f28820+0x00000000000000bb]
J 1210 c1 java.lang.ClassLoader.defineClass(Ljava/lang/String;[BIILjava/security/ProtectionDomain;)Ljava/lang/Class; java.base@17.0.1 (43 bytes) @ 0x0000020db5f34bdc [0x0000020db5f34ae0+0x00000000000000fc]
J 1215 c1 jdk.internal.loader.BuiltinClassLoader.defineClass(Ljava/lang/String;Ljdk/internal/loader/Resource;)Ljava/lang/Class; java.base@17.0.1 (121 bytes) @ 0x0000020db5f375c4 [0x0000020db5f37120+0x00000000000004a4]
J 1214 c1 jdk.internal.loader.BuiltinClassLoader.findClassOnClassPathOrNull(Ljava/lang/String;)Ljava/lang/Class; java.base@17.0.1 (64 bytes) @ 0x0000020db5f3661c [0x0000020db5f36380+0x000000000000029c]
J 1029 c1 jdk.internal.loader.BuiltinClassLoader.loadClassOrNull(Ljava/lang/String;Z)Ljava/lang/Class; java.base@17.0.1 (143 bytes) @ 0x0000020db5edd144 [0x0000020db5edcd00+0x0000000000000444]
J 1191 c1 jdk.internal.loader.ClassLoaders$AppClassLoader.loadClass(Ljava/lang/String;Z)Ljava/lang/Class; java.base@17.0.1 (40 bytes) @ 0x0000020db5f2c524 [0x0000020db5f2c3e0+0x0000000000000144]
J 1112 c1 java.lang.ClassLoader.loadClass(Ljava/lang/String;)Ljava/lang/Class; java.base@17.0.1 (7 bytes) @ 0x0000020db5f05c64 [0x0000020db5f05c20+0x0000000000000044]
v  ~StubRoutines::call_stub
j  org.hibernate.boot.internal.SessionFactoryBuilderImpl.build()Lorg/hibernate/SessionFactory;+0
j  org.hibernate.jpa.boot.internal.EntityManagerFactoryBuilderImpl.build()Ljakarta/persistence/EntityManagerFactory;+22
j  org.springframework.orm.jpa.vendor.SpringHibernateJpaPersistenceProvider.createContainerEntityManagerFactory(Ljakarta/persistence/spi/PersistenceUnitInfo;Ljava/util/Map;)Ljakarta/persistence/EntityManagerFactory;+59
j  org.springframework.orm.jpa.LocalContainerEntityManagerFactoryBean.createNativeEntityManagerFactory()Ljakarta/persistence/EntityManagerFactory;+111
j  org.springframework.orm.jpa.AbstractEntityManagerFactoryBean.buildNativeEntityManagerFactory()Ljakarta/persistence/EntityManagerFactory;+1
j  org.springframework.orm.jpa.AbstractEntityManagerFactoryBean.afterPropertiesSet()V+192
j  org.springframework.orm.jpa.LocalContainerEntityManagerFactoryBean.afterPropertiesSet()V+81
j  org.springframework.beans.factory.support.AbstractAutowireCapableBeanFactory.invokeInitMethods(Ljava/lang/String;Ljava/lang/Object;Lorg/springframework/beans/factory/support/RootBeanDefinition;)V+56
j  org.springframework.beans.factory.support.AbstractAutowireCapableBeanFactory.initializeBean(Ljava/lang/String;Ljava/lang/Object;Lorg/springframework/beans/factory/support/RootBeanDefinition;)Ljava/lang/Object;+34
j  org.springframework.beans.factory.support.AbstractAutowireCapableBeanFactory.doCreateBean(Ljava/lang/String;Lorg/springframework/beans/factory/support/RootBeanDefinition;[Ljava/lang/Object;)Ljava/lang/Object;+228
j  org.springframework.beans.factory.support.AbstractAutowireCapableBeanFactory.createBean(Ljava/lang/String;Lorg/springframework/beans/factory/support/RootBeanDefinition;[Ljava/lang/Object;)Ljava/lang/Object;+153
j  org.springframework.beans.factory.support.AbstractBeanFactory.lambda$doGetBean$0(Ljava/lang/String;Lorg/springframework/beans/factory/support/RootBeanDefinition;[Ljava/lang/Object;)Ljava/lang/Object;+4
j  org.springframework.beans.factory.support.AbstractBeanFactory$$Lambda$463+0x00000001003134f8.getObject()Ljava/lang/Object;+16
j  org.springframework.beans.factory.support.DefaultSingletonBeanRegistry.getSingleton(Ljava/lang/String;Lorg/springframework/beans/factory/ObjectFactory;)Ljava/lang/Object;+897
J 2719 c1 org.springframework.beans.factory.support.AbstractBeanFactory.doGetBean(Ljava/lang/String;Ljava/lang/Class;[Ljava/lang/Object;Z)Ljava/lang/Object; (787 bytes) @ 0x0000020db621f144 [0x0000020db621eb80+0x00000000000005c4]
J 2723 c1 org.springframework.beans.factory.support.AbstractBeanFactory.getBean(Ljava/lang/String;Ljava/lang/Class;)Ljava/lang/Object; (9 bytes) @ 0x0000020db621e364 [0x0000020db621e320+0x0000000000000044]
j  org.springframework.context.support.AbstractApplicationContext.finishBeanFactoryInitialization(Lorg/springframework/beans/factory/config/ConfigurableListableBeanFactory;)V+220
j  org.springframework.context.support.AbstractApplicationContext.refresh()V+94
j  org.springframework.boot.web.servlet.context.ServletWebServerApplicationContext.refresh()V+1
j  org.springframework.boot.SpringApplication.refresh(Lorg/springframework/context/ConfigurableApplicationContext;)V+1
j  org.springframework.boot.SpringApplication.refreshContext(Lorg/springframework/context/ConfigurableApplicationContext;)V+19
j  org.springframework.boot.SpringApplication.run([Ljava/lang/String;)Lorg/springframework/context/ConfigurableApplicationContext;+113
j  org.springframework.boot.SpringApplication.run([Ljava/lang/Class;[Ljava/lang/String;)Lorg/springframework/context/ConfigurableApplicationContext;+9
j  org.springframework.boot.SpringApplication.run(Ljava/lang/Class;[Ljava/lang/String;)Lorg/springframework/context/ConfigurableApplicationContext;+9
j  com.example.demo.RestapicrudApplication.main([Ljava/lang/String;)V+3
v  ~StubRoutines::call_stub
j  jdk.internal.reflect.NativeMethodAccessorImpl.invoke0(Ljava/lang/reflect/Method;Ljava/lang/Object;[Ljava/lang/Object;)Ljava/lang/Object;+0 java.base@17.0.1
j  jdk.internal.reflect.NativeMethodAccessorImpl.invoke(Ljava/lang/Object;[Ljava/lang/Object;)Ljava/lang/Object;+133 java.base@17.0.1
j  jdk.internal.reflect.DelegatingMethodAccessorImpl.invoke(Ljava/lang/Object;[Ljava/lang/Object;)Ljava/lang/Object;+6 java.base@17.0.1
j  java.lang.reflect.Method.invoke(Ljava/lang/Object;[Ljava/lang/Object;)Ljava/lang/Object;+59 java.base@17.0.1
j  org.springframework.boot.devtools.restart.RestartLauncher.run()V+47
v  ~StubRoutines::call_stub

---------------  P R O C E S S  ---------------

Threads class SMR info:
_java_thread_list=0x0000020dc0593090, length=27, elements={
0x0000020db27be8f0, 0x0000020dbd23c010, 0x0000020dbd23ed80, 0x0000020dbd259570,
0x0000020dbd259a40, 0x0000020dbd25a000, 0x0000020dbd25a5c0, 0x0000020dbd25ac30,
0x0000020dbd25b230, 0x0000020db28432a0, 0x0000020dbde78440, 0x0000020dbe39ae50,
0x0000020dbe3a3fa0, 0x0000020dbe49f420, 0x0000020dbe4ae640, 0x0000020dbe4ad7d0,
0x0000020dbe4aeb10, 0x0000020dbe4aefe0, 0x0000020dbe4adca0, 0x0000020dbe4ae170,
0x0000020dbf75da30, 0x0000020dc0165570, 0x0000020dc0163d60, 0x0000020dc0161210,
0x0000020dc015fed0, 0x0000020dc0162a20, 0x0000020dc0161bb0
}

Java Threads: ( => current thread )
  0x0000020db27be8f0 JavaThread "main" [_thread_blocked, id=5140, stack(0x00000033cd700000,0x00000033cd800000)]
  0x0000020dbd23c010 JavaThread "Reference Handler" daemon [_thread_blocked, id=16648, stack(0x00000033cde00000,0x00000033cdf00000)]
  0x0000020dbd23ed80 JavaThread "Finalizer" daemon [_thread_blocked, id=16280, stack(0x00000033cdf00000,0x00000033ce000000)]
  0x0000020dbd259570 JavaThread "Signal Dispatcher" daemon [_thread_blocked, id=7656, stack(0x00000033ce000000,0x00000033ce100000)]
  0x0000020dbd259a40 JavaThread "Attach Listener" daemon [_thread_blocked, id=17556, stack(0x00000033ce100000,0x00000033ce200000)]
  0x0000020dbd25a000 JavaThread "Service Thread" daemon [_thread_blocked, id=7920, stack(0x00000033ce200000,0x00000033ce300000)]
  0x0000020dbd25a5c0 JavaThread "Monitor Deflation Thread" daemon [_thread_blocked, id=2028, stack(0x00000033ce300000,0x00000033ce400000)]
  0x0000020dbd25ac30 JavaThread "C1 CompilerThread0" daemon [_thread_blocked, id=6640, stack(0x00000033ce400000,0x00000033ce500000)]
  0x0000020dbd25b230 JavaThread "Sweeper thread" daemon [_thread_blocked, id=4040, stack(0x00000033ce500000,0x00000033ce600000)]
  0x0000020db28432a0 JavaThread "Common-Cleaner" daemon [_thread_blocked, id=16956, stack(0x00000033ce600000,0x00000033ce700000)]
  0x0000020dbde78440 JavaThread "Notification Thread" daemon [_thread_blocked, id=15488, stack(0x00000033ce700000,0x00000033ce800000)]
  0x0000020dbe39ae50 JavaThread "RMI TCP Accept-0" daemon [_thread_in_native, id=15592, stack(0x00000033ce800000,0x00000033ce900000)]
  0x0000020dbe3a3fa0 JavaThread "RMI TCP Accept-56404" daemon [_thread_in_native, id=4248, stack(0x00000033ce900000,0x00000033cea00000)]
  0x0000020dbe49f420 JavaThread "RMI TCP Connection(1)-127.0.0.1" daemon [_thread_in_native, id=996, stack(0x00000033cea00000,0x00000033ceb00000)]
  0x0000020dbe4ae640 JavaThread "RMI TCP Accept-0" daemon [_thread_in_native, id=2728, stack(0x00000033ceb00000,0x00000033cec00000)]
  0x0000020dbe4ad7d0 JavaThread "RMI Scheduler(0)" daemon [_thread_blocked, id=4208, stack(0x00000033ced00000,0x00000033cee00000)]
  0x0000020dbe4aeb10 JavaThread "RMI TCP Connection(2)-127.0.0.1" daemon [_thread_in_native, id=16868, stack(0x00000033cf300000,0x00000033cf400000)]
  0x0000020dbe4aefe0 JavaThread "JMX server connection timeout 21" daemon [_thread_blocked, id=9736, stack(0x00000033cf400000,0x00000033cf500000)]
  0x0000020dbe4adca0 JavaThread "Thread-0" [_thread_blocked, id=17548, stack(0x00000033cf500000,0x00000033cf600000)]
=>0x0000020dbe4ae170 JavaThread "restartedMain" [_thread_in_vm, id=1552, stack(0x00000033cf600000,0x00000033cf700000)]
  0x0000020dbf75da30 JavaThread "C1 CompilerThread1" daemon [_thread_blocked, id=4012, stack(0x00000033cf700000,0x00000033cf800000)]
  0x0000020dc0165570 JavaThread "Catalina-utility-1" [_thread_blocked, id=11220, stack(0x00000033cf800000,0x00000033cf900000)]
  0x0000020dc0163d60 JavaThread "Catalina-utility-2" [_thread_blocked, id=9720, stack(0x00000033cf900000,0x00000033cfa00000)]
  0x0000020dc0161210 JavaThread "container-0" [_thread_blocked, id=9864, stack(0x00000033cfa00000,0x00000033cfb00000)]
  0x0000020dc015fed0 JavaThread "PostgreSQL-JDBC-Cleaner" daemon [_thread_blocked, id=3848, stack(0x00000033cfc00000,0x00000033cfd00000)]
  0x0000020dc0162a20 JavaThread "HikariPool-1 housekeeper" daemon [_thread_blocked, id=10724, stack(0x00000033cfd00000,0x00000033cfe00000)]
  0x0000020dc0161bb0 JavaThread "HikariPool-1 connection adder" daemon [_thread_in_native, id=18048, stack(0x00000033cfe00000,0x00000033cff00000)]

Other Threads:
  0x0000020dbd276050 VMThread "VM Thread" [stack: 0x00000033cdd00000,0x00000033cde00000] [id=15724]
  0x0000020dbe4b03b0 WatcherThread [stack: 0x00000033cec00000,0x00000033ced00000] [id=2036]
  0x0000020db27ec270 GCTaskThread "GC Thread#0" [stack: 0x00000033cd800000,0x00000033cd900000] [id=16500]
  0x0000020dbe4db150 GCTaskThread "GC Thread#1" [stack: 0x00000033cee00000,0x00000033cef00000] [id=15084]
  0x0000020dbe4ed4c0 GCTaskThread "GC Thread#2" [stack: 0x00000033cef00000,0x00000033cf000000] [id=14640]
  0x0000020dbe4edb80 GCTaskThread "GC Thread#3" [stack: 0x00000033cf000000,0x00000033cf100000] [id=17564]
  0x0000020db27f4730 ConcurrentGCThread "G1 Main Marker" [stack: 0x00000033cd900000,0x00000033cda00000] [id=14408]
  0x0000020db27f7800 ConcurrentGCThread "G1 Conc#0" [stack: 0x00000033cda00000,0x00000033cdb00000] [id=11716]
  0x0000020db2831be0 ConcurrentGCThread "G1 Refine#0" [stack: 0x00000033cdb00000,0x00000033cdc00000] [id=11704]
  0x0000020dbdf03620 ConcurrentGCThread "G1 Refine#1" [stack: 0x00000033cf100000,0x00000033cf200000] [id=12672]
  0x0000020dbdf03900 ConcurrentGCThread "G1 Refine#2" [stack: 0x00000033cf200000,0x00000033cf300000] [id=15976]
  0x0000020db2832500 ConcurrentGCThread "G1 Service" [stack: 0x00000033cdc00000,0x00000033cdd00000] [id=11204]

Threads with active compile tasks:

VM state: not at safepoint (normal execution)

VM Mutex/Monitor currently owned by a thread:  ([mutex/lock_event])
[0x0000020db27ae4d0] Metaspace_lock - owner thread: 0x0000020dbe4ae170

Heap address: 0x00000000c4c00000, size: 948 MB, Compressed Oops mode: 32-bit

CDS archive(s) not mapped
Compressed class space mapped at: 0x0000000100000000-0x0000000140000000, reserved size: 1073741824
Narrow klass base: 0x0000000000000000, Narrow klass shift: 3, Narrow klass range: 0x140000000

GC Precious Log:
 CPUs: 4 total, 4 available
 Memory: 3790M
 Large Page Support: Disabled
 NUMA Support: Disabled
 Compressed Oops: Enabled (32-bit)
 Heap Region Size: 1M
 Heap Min Capacity: 8M
 Heap Initial Capacity: 60M
 Heap Max Capacity: 948M
 Pre-touch: Disabled
 Parallel Workers: 4
 Concurrent Workers: 1
 Concurrent Refinement Workers: 4
 Periodic GC: Disabled

Heap:
 garbage-first heap   total 196608K, used 43530K [0x00000000c4c00000, 0x0000000100000000)
  region size 1024K, 27 young (27648K), 3 survivors (3072K)
 Metaspace       used 51162K, committed 51584K, reserved 1097728K
  class space    used 6757K, committed 6976K, reserved 1048576K

Heap Regions: E=young(eden), S=young(survivor), O=old, HS=humongous(starts), HC=humongous(continues), CS=collection set, F=free, OA=open archive, CA=closed archive, TAMS=top-at-mark-start (previous, next)
|   0|0x00000000c4c00000, 0x00000000c4d00000, 0x00000000c4d00000|100%|HS|  |TAMS 0x00000000c4d00000, 0x00000000c4c00000| Complete 
|   1|0x00000000c4d00000, 0x00000000c4e00000, 0x00000000c4e00000|100%|HS|  |TAMS 0x00000000c4e00000, 0x00000000c4d00000| Complete 
|   2|0x00000000c4e00000, 0x00000000c4f00000, 0x00000000c4f00000|100%| O|  |TAMS 0x00000000c4f00000, 0x00000000c4e00000| Untracked 
|   3|0x00000000c4f00000, 0x00000000c5000000, 0x00000000c5000000|100%| O|  |TAMS 0x00000000c5000000, 0x00000000c4f00000| Untracked 
|   4|0x00000000c5000000, 0x00000000c5100000, 0x00000000c5100000|100%| O|  |TAMS 0x00000000c5100000, 0x00000000c5000000| Untracked 
|   5|0x00000000c5100000, 0x00000000c5200000, 0x00000000c5200000|100%| O|  |TAMS 0x00000000c5200000, 0x00000000c5100000| Untracked 
|   6|0x00000000c5200000, 0x00000000c52e2600, 0x00000000c5300000| 88%| O|  |TAMS 0x00000000c5200000, 0x00000000c5200000| Untracked 
|   7|0x00000000c5300000, 0x00000000c5400000, 0x00000000c5400000|100%| O|  |TAMS 0x00000000c5400000, 0x00000000c5300000| Untracked 
|   8|0x00000000c5400000, 0x00000000c5500000, 0x00000000c5500000|100%| O|  |TAMS 0x00000000c5500000, 0x00000000c5400000| Untracked 
|   9|0x00000000c5500000, 0x00000000c5600000, 0x00000000c5600000|100%| O|  |TAMS 0x00000000c5600000, 0x00000000c5500000| Untracked 
|  10|0x00000000c5600000, 0x00000000c5700000, 0x00000000c5700000|100%| O|  |TAMS 0x00000000c5700000, 0x00000000c5600000| Untracked 
|  11|0x00000000c5700000, 0x00000000c5700000, 0x00000000c5800000|  0%| F|  |TAMS 0x00000000c5700000, 0x00000000c5700000| Untracked 
|  12|0x00000000c5800000, 0x00000000c5900000, 0x00000000c5900000|100%| O|  |TAMS 0x00000000c5800000, 0x00000000c5800000| Untracked 
|  13|0x00000000c5900000, 0x00000000c5a00000, 0x00000000c5a00000|100%| O|  |TAMS 0x00000000c5900000, 0x00000000c5900000| Untracked 
|  14|0x00000000c5a00000, 0x00000000c5b00000, 0x00000000c5b00000|100%| O|  |TAMS 0x00000000c5a00000, 0x00000000c5a00000| Untracked 
|  15|0x00000000c5b00000, 0x00000000c5c00000, 0x00000000c5c00000|100%| O|  |TAMS 0x00000000c5b00000, 0x00000000c5b00000| Untracked 
|  16|0x00000000c5c00000, 0x00000000c5d00000, 0x00000000c5d00000|100%| O|  |TAMS 0x00000000c5c00000, 0x00000000c5c00000| Untracked 
|  17|0x00000000c5d00000, 0x00000000c5e00000, 0x00000000c5e00000|100%| O|  |TAMS 0x00000000c5d00000, 0x00000000c5d00000| Untracked 
|  18|0x00000000c5e00000, 0x00000000c5e00000, 0x00000000c5f00000|  0%| F|  |TAMS 0x00000000c5e00000, 0x00000000c5e00000| Untracked 
|  19|0x00000000c5f00000, 0x00000000c5f00000, 0x00000000c6000000|  0%| F|  |TAMS 0x00000000c5f00000, 0x00000000c5f00000| Untracked 
|  20|0x00000000c6000000, 0x00000000c6000000, 0x00000000c6100000|  0%| F|  |TAMS 0x00000000c6000000, 0x00000000c6000000| Untracked 
|  21|0x00000000c6100000, 0x00000000c6100000, 0x00000000c6200000|  0%| F|  |TAMS 0x00000000c6100000, 0x00000000c6100000| Untracked 
|  22|0x00000000c6200000, 0x00000000c6200000, 0x00000000c6300000|  0%| F|  |TAMS 0x00000000c6200000, 0x00000000c6200000| Untracked 
|  23|0x00000000c6300000, 0x00000000c6300000, 0x00000000c6400000|  0%| F|  |TAMS 0x00000000c6300000, 0x00000000c6300000| Untracked 
|  24|0x00000000c6400000, 0x00000000c6400000, 0x00000000c6500000|  0%| F|  |TAMS 0x00000000c6400000, 0x00000000c6400000| Untracked 
|  25|0x00000000c6500000, 0x00000000c6500000, 0x00000000c6600000|  0%| F|  |TAMS 0x00000000c6500000, 0x00000000c6500000| Untracked 
|  26|0x00000000c6600000, 0x00000000c6600000, 0x00000000c6700000|  0%| F|  |TAMS 0x00000000c6600000, 0x00000000c6600000| Untracked 
|  27|0x00000000c6700000, 0x00000000c6700000, 0x00000000c6800000|  0%| F|  |TAMS 0x00000000c6700000, 0x00000000c6700000| Untracked 
|  28|0x00000000c6800000, 0x00000000c6800000, 0x00000000c6900000|  0%| F|  |TAMS 0x00000000c6800000, 0x00000000c6800000| Untracked 
|  29|0x00000000c6900000, 0x00000000c6900000, 0x00000000c6a00000|  0%| F|  |TAMS 0x00000000c6900000, 0x00000000c6900000| Untracked 
|  30|0x00000000c6a00000, 0x00000000c6a00000, 0x00000000c6b00000|  0%| F|  |TAMS 0x00000000c6a00000, 0x00000000c6a00000| Untracked 
|  31|0x00000000c6b00000, 0x00000000c6b00000, 0x00000000c6c00000|  0%| F|  |TAMS 0x00000000c6b00000, 0x00000000c6b00000| Untracked 
|  32|0x00000000c6c00000, 0x00000000c6c00000, 0x00000000c6d00000|  0%| F|  |TAMS 0x00000000c6c00000, 0x00000000c6c00000| Untracked 
|  33|0x00000000c6d00000, 0x00000000c6d00000, 0x00000000c6e00000|  0%| F|  |TAMS 0x00000000c6d00000, 0x00000000c6d00000| Untracked 
|  34|0x00000000c6e00000, 0x00000000c6e00000, 0x00000000c6f00000|  0%| F|  |TAMS 0x00000000c6e00000, 0x00000000c6e00000| Untracked 
|  35|0x00000000c6f00000, 0x00000000c6f00000, 0x00000000c7000000|  0%| F|  |TAMS 0x00000000c6f00000, 0x00000000c6f00000| Untracked 
|  36|0x00000000c7000000, 0x00000000c7000000, 0x00000000c7100000|  0%| F|  |TAMS 0x00000000c7000000, 0x00000000c7000000| Untracked 
|  37|0x00000000c7100000, 0x00000000c7100000, 0x00000000c7200000|  0%| F|  |TAMS 0x00000000c7100000, 0x00000000c7100000| Untracked 
|  38|0x00000000c7200000, 0x00000000c7200000, 0x00000000c7300000|  0%| F|  |TAMS 0x00000000c7200000, 0x00000000c7200000| Untracked 
|  39|0x00000000c7300000, 0x00000000c7300000, 0x00000000c7400000|  0%| F|  |TAMS 0x00000000c7300000, 0x00000000c7300000| Untracked 
|  40|0x00000000c7400000, 0x00000000c7400000, 0x00000000c7500000|  0%| F|  |TAMS 0x00000000c7400000, 0x00000000c7400000| Untracked 
|  41|0x00000000c7500000, 0x00000000c7500000, 0x00000000c7600000|  0%| F|  |TAMS 0x00000000c7500000, 0x00000000c7500000| Untracked 
|  42|0x00000000c7600000, 0x00000000c7600000, 0x00000000c7700000|  0%| F|  |TAMS 0x00000000c7600000, 0x00000000c7600000| Untracked 
|  43|0x00000000c7700000, 0x00000000c7700000, 0x00000000c7800000|  0%| F|  |TAMS 0x00000000c7700000, 0x00000000c7700000| Untracked 
|  44|0x00000000c7800000, 0x00000000c7800000, 0x00000000c7900000|  0%| F|  |TAMS 0x00000000c7800000, 0x00000000c7800000| Untracked 
|  45|0x00000000c7900000, 0x00000000c7900000, 0x00000000c7a00000|  0%| F|  |TAMS 0x00000000c7900000, 0x00000000c7900000| Untracked 
|  46|0x00000000c7a00000, 0x00000000c7a00000, 0x00000000c7b00000|  0%| F|  |TAMS 0x00000000c7a00000, 0x00000000c7a00000| Untracked 
|  47|0x00000000c7b00000, 0x00000000c7b00000, 0x00000000c7c00000|  0%| F|  |TAMS 0x00000000c7b00000, 0x00000000c7b00000| Untracked 
|  48|0x00000000c7c00000, 0x00000000c7c00000, 0x00000000c7d00000|  0%| F|  |TAMS 0x00000000c7c00000, 0x00000000c7c00000| Untracked 
|  49|0x00000000c7d00000, 0x00000000c7d00000, 0x00000000c7e00000|  0%| F|  |TAMS 0x00000000c7d00000, 0x00000000c7d00000| Untracked 
|  50|0x00000000c7e00000, 0x00000000c7e00000, 0x00000000c7f00000|  0%| F|  |TAMS 0x00000000c7e00000, 0x00000000c7e00000| Untracked 
|  51|0x00000000c7f00000, 0x00000000c7f00000, 0x00000000c8000000|  0%| F|  |TAMS 0x00000000c7f00000, 0x00000000c7f00000| Untracked 
|  52|0x00000000c8000000, 0x00000000c8000000, 0x00000000c8100000|  0%| F|  |TAMS 0x00000000c8000000, 0x00000000c8000000| Untracked 
|  53|0x00000000c8100000, 0x00000000c8100000, 0x00000000c8200000|  0%| F|  |TAMS 0x00000000c8100000, 0x00000000c8100000| Untracked 
|  54|0x00000000c8200000, 0x00000000c8200000, 0x00000000c8300000|  0%| F|  |TAMS 0x00000000c8200000, 0x00000000c8200000| Untracked 
|  55|0x00000000c8300000, 0x00000000c8300000, 0x00000000c8400000|  0%| F|  |TAMS 0x00000000c8300000, 0x00000000c8300000| Untracked 
|  56|0x00000000c8400000, 0x00000000c8400000, 0x00000000c8500000|  0%| F|  |TAMS 0x00000000c8400000, 0x00000000c8400000| Untracked 
|  57|0x00000000c8500000, 0x00000000c8500000, 0x00000000c8600000|  0%| F|  |TAMS 0x00000000c8500000, 0x00000000c8500000| Untracked 
|  58|0x00000000c8600000, 0x00000000c8600000, 0x00000000c8700000|  0%| F|  |TAMS 0x00000000c8600000, 0x00000000c8600000| Untracked 
|  59|0x00000000c8700000, 0x00000000c8700000, 0x00000000c8800000|  0%| F|  |TAMS 0x00000000c8700000, 0x00000000c8700000| Untracked 
|  60|0x00000000c8800000, 0x00000000c8800000, 0x00000000c8900000|  0%| F|  |TAMS 0x00000000c8800000, 0x00000000c8800000| Untracked 
|  61|0x00000000c8900000, 0x00000000c8900000, 0x00000000c8a00000|  0%| F|  |TAMS 0x00000000c8900000, 0x00000000c8900000| Untracked 
|  62|0x00000000c8a00000, 0x00000000c8a00000, 0x00000000c8b00000|  0%| F|  |TAMS 0x00000000c8a00000, 0x00000000c8a00000| Untracked 
|  63|0x00000000c8b00000, 0x00000000c8b00000, 0x00000000c8c00000|  0%| F|  |TAMS 0x00000000c8b00000, 0x00000000c8b00000| Untracked 
|  64|0x00000000c8c00000, 0x00000000c8c00000, 0x00000000c8d00000|  0%| F|  |TAMS 0x00000000c8c00000, 0x00000000c8c00000| Untracked 
|  65|0x00000000c8d00000, 0x00000000c8d00000, 0x00000000c8e00000|  0%| F|  |TAMS 0x00000000c8d00000, 0x00000000c8d00000| Untracked 
|  66|0x00000000c8e00000, 0x00000000c8e00000, 0x00000000c8f00000|  0%| F|  |TAMS 0x00000000c8e00000, 0x00000000c8e00000| Untracked 
|  67|0x00000000c8f00000, 0x00000000c8f00000, 0x00000000c9000000|  0%| F|  |TAMS 0x00000000c8f00000, 0x00000000c8f00000| Untracked 
|  68|0x00000000c9000000, 0x00000000c9000000, 0x00000000c9100000|  0%| F|  |TAMS 0x00000000c9000000, 0x00000000c9000000| Untracked 
|  69|0x00000000c9100000, 0x00000000c9100000, 0x00000000c9200000|  0%| F|  |TAMS 0x00000000c9100000, 0x00000000c9100000| Untracked 
|  70|0x00000000c9200000, 0x00000000c9200000, 0x00000000c9300000|  0%| F|  |TAMS 0x00000000c9200000, 0x00000000c9200000| Untracked 
|  71|0x00000000c9300000, 0x00000000c9300000, 0x00000000c9400000|  0%| F|  |TAMS 0x00000000c9300000, 0x00000000c9300000| Untracked 
|  72|0x00000000c9400000, 0x00000000c9400000, 0x00000000c9500000|  0%| F|  |TAMS 0x00000000c9400000, 0x00000000c9400000| Untracked 
|  73|0x00000000c9500000, 0x00000000c9500000, 0x00000000c9600000|  0%| F|  |TAMS 0x00000000c9500000, 0x00000000c9500000| Untracked 
|  74|0x00000000c9600000, 0x00000000c9600000, 0x00000000c9700000|  0%| F|  |TAMS 0x00000000c9600000, 0x00000000c9600000| Untracked 
|  75|0x00000000c9700000, 0x00000000c97a03b0, 0x00000000c9800000| 62%| S|CS|TAMS 0x00000000c9700000, 0x00000000c9700000| Complete 
|  76|0x00000000c9800000, 0x00000000c9900000, 0x00000000c9900000|100%| S|CS|TAMS 0x00000000c9800000, 0x00000000c9800000| Complete 
|  77|0x00000000c9900000, 0x00000000c9a00000, 0x00000000c9a00000|100%| S|CS|TAMS 0x00000000c9900000, 0x00000000c9900000| Complete 
|  78|0x00000000c9a00000, 0x00000000c9a00000, 0x00000000c9b00000|  0%| F|  |TAMS 0x00000000c9a00000, 0x00000000c9a00000| Untracked 
|  79|0x00000000c9b00000, 0x00000000c9b00000, 0x00000000c9c00000|  0%| F|  |TAMS 0x00000000c9b00000, 0x00000000c9b00000| Untracked 
|  80|0x00000000c9c00000, 0x00000000c9c00000, 0x00000000c9d00000|  0%| F|  |TAMS 0x00000000c9c00000, 0x00000000c9c00000| Untracked 
|  81|0x00000000c9d00000, 0x00000000c9d00000, 0x00000000c9e00000|  0%| F|  |TAMS 0x00000000c9d00000, 0x00000000c9d00000| Untracked 
|  82|0x00000000c9e00000, 0x00000000c9e00000, 0x00000000c9f00000|  0%| F|  |TAMS 0x00000000c9e00000, 0x00000000c9e00000| Untracked 
|  83|0x00000000c9f00000, 0x00000000c9f00000, 0x00000000ca000000|  0%| F|  |TAMS 0x00000000c9f00000, 0x00000000c9f00000| Untracked 
|  84|0x00000000ca000000, 0x00000000ca000000, 0x00000000ca100000|  0%| F|  |TAMS 0x00000000ca000000, 0x00000000ca000000| Untracked 
|  85|0x00000000ca100000, 0x00000000ca100000, 0x00000000ca200000|  0%| F|  |TAMS 0x00000000ca100000, 0x00000000ca100000| Untracked 
|  86|0x00000000ca200000, 0x00000000ca200000, 0x00000000ca300000|  0%| F|  |TAMS 0x00000000ca200000, 0x00000000ca200000| Untracked 
|  87|0x00000000ca300000, 0x00000000ca300000, 0x00000000ca400000|  0%| F|  |TAMS 0x00000000ca300000, 0x00000000ca300000| Untracked 
|  88|0x00000000ca400000, 0x00000000ca400000, 0x00000000ca500000|  0%| F|  |TAMS 0x00000000ca400000, 0x00000000ca400000| Untracked 
|  89|0x00000000ca500000, 0x00000000ca500000, 0x00000000ca600000|  0%| F|  |TAMS 0x00000000ca500000, 0x00000000ca500000| Untracked 
|  90|0x00000000ca600000, 0x00000000ca600000, 0x00000000ca700000|  0%| F|  |TAMS 0x00000000ca600000, 0x00000000ca600000| Untracked 
|  91|0x00000000ca700000, 0x00000000ca700000, 0x00000000ca800000|  0%| F|  |TAMS 0x00000000ca700000, 0x00000000ca700000| Untracked 
|  92|0x00000000ca800000, 0x00000000ca800000, 0x00000000ca900000|  0%| F|  |TAMS 0x00000000ca800000, 0x00000000ca800000| Untracked 
|  93|0x00000000ca900000, 0x00000000ca900000, 0x00000000caa00000|  0%| F|  |TAMS 0x00000000ca900000, 0x00000000ca900000| Untracked 
|  94|0x00000000caa00000, 0x00000000caa00000, 0x00000000cab00000|  0%| F|  |TAMS 0x00000000caa00000, 0x00000000caa00000| Untracked 
|  95|0x00000000cab00000, 0x00000000cab00000, 0x00000000cac00000|  0%| F|  |TAMS 0x00000000cab00000, 0x00000000cab00000| Untracked 
|  96|0x00000000cac00000, 0x00000000cac00000, 0x00000000cad00000|  0%| F|  |TAMS 0x00000000cac00000, 0x00000000cac00000| Untracked 
|  97|0x00000000cad00000, 0x00000000cad00000, 0x00000000cae00000|  0%| F|  |TAMS 0x00000000cad00000, 0x00000000cad00000| Untracked 
|  98|0x00000000cae00000, 0x00000000cae00000, 0x00000000caf00000|  0%| F|  |TAMS 0x00000000cae00000, 0x00000000cae00000| Untracked 
|  99|0x00000000caf00000, 0x00000000caf00000, 0x00000000cb000000|  0%| F|  |TAMS 0x00000000caf00000, 0x00000000caf00000| Untracked 
| 100|0x00000000cb000000, 0x00000000cb000000, 0x00000000cb100000|  0%| F|  |TAMS 0x00000000cb000000, 0x00000000cb000000| Untracked 
| 101|0x00000000cb100000, 0x00000000cb100000, 0x00000000cb200000|  0%| F|  |TAMS 0x00000000cb100000, 0x00000000cb100000| Untracked 
| 102|0x00000000cb200000, 0x00000000cb200000, 0x00000000cb300000|  0%| F|  |TAMS 0x00000000cb200000, 0x00000000cb200000| Untracked 
| 103|0x00000000cb300000, 0x00000000cb300000, 0x00000000cb400000|  0%| F|  |TAMS 0x00000000cb300000, 0x00000000cb300000| Untracked 
| 104|0x00000000cb400000, 0x00000000cb400000, 0x00000000cb500000|  0%| F|  |TAMS 0x00000000cb400000, 0x00000000cb400000| Untracked 
| 105|0x00000000cb500000, 0x00000000cb500000, 0x00000000cb600000|  0%| F|  |TAMS 0x00000000cb500000, 0x00000000cb500000| Untracked 
| 106|0x00000000cb600000, 0x00000000cb600000, 0x00000000cb700000|  0%| F|  |TAMS 0x00000000cb600000, 0x00000000cb600000| Untracked 
| 107|0x00000000cb700000, 0x00000000cb700000, 0x00000000cb800000|  0%| F|  |TAMS 0x00000000cb700000, 0x00000000cb700000| Untracked 
| 108|0x00000000cb800000, 0x00000000cb800000, 0x00000000cb900000|  0%| F|  |TAMS 0x00000000cb800000, 0x00000000cb800000| Untracked 
| 109|0x00000000cb900000, 0x00000000cb900000, 0x00000000cba00000|  0%| F|  |TAMS 0x00000000cb900000, 0x00000000cb900000| Untracked 
| 110|0x00000000cba00000, 0x00000000cba00000, 0x00000000cbb00000|  0%| F|  |TAMS 0x00000000cba00000, 0x00000000cba00000| Untracked 
| 111|0x00000000cbb00000, 0x00000000cbb00000, 0x00000000cbc00000|  0%| F|  |TAMS 0x00000000cbb00000, 0x00000000cbb00000| Untracked 
| 112|0x00000000cbc00000, 0x00000000cbc00000, 0x00000000cbd00000|  0%| F|  |TAMS 0x00000000cbc00000, 0x00000000cbc00000| Untracked 
| 113|0x00000000cbd00000, 0x00000000cbd00000, 0x00000000cbe00000|  0%| F|  |TAMS 0x00000000cbd00000, 0x00000000cbd00000| Untracked 
| 114|0x00000000cbe00000, 0x00000000cbe00000, 0x00000000cbf00000|  0%| F|  |TAMS 0x00000000cbe00000, 0x00000000cbe00000| Untracked 
| 115|0x00000000cbf00000, 0x00000000cbf00000, 0x00000000cc000000|  0%| F|  |TAMS 0x00000000cbf00000, 0x00000000cbf00000| Untracked 
| 116|0x00000000cc000000, 0x00000000cc000000, 0x00000000cc100000|  0%| F|  |TAMS 0x00000000cc000000, 0x00000000cc000000| Untracked 
| 117|0x00000000cc100000, 0x00000000cc100000, 0x00000000cc200000|  0%| F|  |TAMS 0x00000000cc100000, 0x00000000cc100000| Untracked 
| 118|0x00000000cc200000, 0x00000000cc200000, 0x00000000cc300000|  0%| F|  |TAMS 0x00000000cc200000, 0x00000000cc200000| Untracked 
| 119|0x00000000cc300000, 0x00000000cc300000, 0x00000000cc400000|  0%| F|  |TAMS 0x00000000cc300000, 0x00000000cc300000| Untracked 
| 120|0x00000000cc400000, 0x00000000cc400000, 0x00000000cc500000|  0%| F|  |TAMS 0x00000000cc400000, 0x00000000cc400000| Untracked 
| 121|0x00000000cc500000, 0x00000000cc500000, 0x00000000cc600000|  0%| F|  |TAMS 0x00000000cc500000, 0x00000000cc500000| Untracked 
| 122|0x00000000cc600000, 0x00000000cc600000, 0x00000000cc700000|  0%| F|  |TAMS 0x00000000cc600000, 0x00000000cc600000| Untracked 
| 123|0x00000000cc700000, 0x00000000cc700000, 0x00000000cc800000|  0%| F|  |TAMS 0x00000000cc700000, 0x00000000cc700000| Untracked 
| 124|0x00000000cc800000, 0x00000000cc800000, 0x00000000cc900000|  0%| F|  |TAMS 0x00000000cc800000, 0x00000000cc800000| Untracked 
| 125|0x00000000cc900000, 0x00000000cc900000, 0x00000000cca00000|  0%| F|  |TAMS 0x00000000cc900000, 0x00000000cc900000| Untracked 
| 126|0x00000000cca00000, 0x00000000cca00000, 0x00000000ccb00000|  0%| F|  |TAMS 0x00000000cca00000, 0x00000000cca00000| Untracked 
| 127|0x00000000ccb00000, 0x00000000ccb00000, 0x00000000ccc00000|  0%| F|  |TAMS 0x00000000ccb00000, 0x00000000ccb00000| Untracked 
| 128|0x00000000ccc00000, 0x00000000ccc00000, 0x00000000ccd00000|  0%| F|  |TAMS 0x00000000ccc00000, 0x00000000ccc00000| Untracked 
| 129|0x00000000ccd00000, 0x00000000ccd00000, 0x00000000cce00000|  0%| F|  |TAMS 0x00000000ccd00000, 0x00000000ccd00000| Untracked 
| 130|0x00000000cce00000, 0x00000000cce00000, 0x00000000ccf00000|  0%| F|  |TAMS 0x00000000cce00000, 0x00000000cce00000| Untracked 
| 131|0x00000000ccf00000, 0x00000000ccf00000, 0x00000000cd000000|  0%| F|  |TAMS 0x00000000ccf00000, 0x00000000ccf00000| Untracked 
| 132|0x00000000cd000000, 0x00000000cd000000, 0x00000000cd100000|  0%| F|  |TAMS 0x00000000cd000000, 0x00000000cd000000| Untracked 
| 133|0x00000000cd100000, 0x00000000cd100000, 0x00000000cd200000|  0%| F|  |TAMS 0x00000000cd100000, 0x00000000cd100000| Untracked 
| 134|0x00000000cd200000, 0x00000000cd200000, 0x00000000cd300000|  0%| F|  |TAMS 0x00000000cd200000, 0x00000000cd200000| Untracked 
| 135|0x00000000cd300000, 0x00000000cd300000, 0x00000000cd400000|  0%| F|  |TAMS 0x00000000cd300000, 0x00000000cd300000| Untracked 
| 136|0x00000000cd400000, 0x00000000cd400000, 0x00000000cd500000|  0%| F|  |TAMS 0x00000000cd400000, 0x00000000cd400000| Untracked 
| 137|0x00000000cd500000, 0x00000000cd500000, 0x00000000cd600000|  0%| F|  |TAMS 0x00000000cd500000, 0x00000000cd500000| Untracked 
| 138|0x00000000cd600000, 0x00000000cd600000, 0x00000000cd700000|  0%| F|  |TAMS 0x00000000cd600000, 0x00000000cd600000| Untracked 
| 139|0x00000000cd700000, 0x00000000cd700000, 0x00000000cd800000|  0%| F|  |TAMS 0x00000000cd700000, 0x00000000cd700000| Untracked 
| 140|0x00000000cd800000, 0x00000000cd800000, 0x00000000cd900000|  0%| F|  |TAMS 0x00000000cd800000, 0x00000000cd800000| Untracked 
| 141|0x00000000cd900000, 0x00000000cd900000, 0x00000000cda00000|  0%| F|  |TAMS 0x00000000cd900000, 0x00000000cd900000| Untracked 
| 142|0x00000000cda00000, 0x00000000cda00000, 0x00000000cdb00000|  0%| F|  |TAMS 0x00000000cda00000, 0x00000000cda00000| Untracked 
| 143|0x00000000cdb00000, 0x00000000cdb00000, 0x00000000cdc00000|  0%| F|  |TAMS 0x00000000cdb00000, 0x00000000cdb00000| Untracked 
| 144|0x00000000cdc00000, 0x00000000cdc00000, 0x00000000cdd00000|  0%| F|  |TAMS 0x00000000cdc00000, 0x00000000cdc00000| Untracked 
| 145|0x00000000cdd00000, 0x00000000cdd00000, 0x00000000cde00000|  0%| F|  |TAMS 0x00000000cdd00000, 0x00000000cdd00000| Untracked 
| 146|0x00000000cde00000, 0x00000000cde00000, 0x00000000cdf00000|  0%| F|  |TAMS 0x00000000cde00000, 0x00000000cde00000| Untracked 
| 147|0x00000000cdf00000, 0x00000000cdf00000, 0x00000000ce000000|  0%| F|  |TAMS 0x00000000cdf00000, 0x00000000cdf00000| Untracked 
| 148|0x00000000ce000000, 0x00000000ce000000, 0x00000000ce100000|  0%| F|  |TAMS 0x00000000ce000000, 0x00000000ce000000| Untracked 
| 149|0x00000000ce100000, 0x00000000ce100000, 0x00000000ce200000|  0%| F|  |TAMS 0x00000000ce100000, 0x00000000ce100000| Untracked 
| 150|0x00000000ce200000, 0x00000000ce200000, 0x00000000ce300000|  0%| F|  |TAMS 0x00000000ce200000, 0x00000000ce200000| Untracked 
| 151|0x00000000ce300000, 0x00000000ce300000, 0x00000000ce400000|  0%| F|  |TAMS 0x00000000ce300000, 0x00000000ce300000| Untracked 
| 152|0x00000000ce400000, 0x00000000ce400000, 0x00000000ce500000|  0%| F|  |TAMS 0x00000000ce400000, 0x00000000ce400000| Untracked 
| 153|0x00000000ce500000, 0x00000000ce500000, 0x00000000ce600000|  0%| F|  |TAMS 0x00000000ce500000, 0x00000000ce500000| Untracked 
| 154|0x00000000ce600000, 0x00000000ce600000, 0x00000000ce700000|  0%| F|  |TAMS 0x00000000ce600000, 0x00000000ce600000| Untracked 
| 155|0x00000000ce700000, 0x00000000ce700000, 0x00000000ce800000|  0%| F|  |TAMS 0x00000000ce700000, 0x00000000ce700000| Untracked 
| 156|0x00000000ce800000, 0x00000000ce800000, 0x00000000ce900000|  0%| F|  |TAMS 0x00000000ce800000, 0x00000000ce800000| Untracked 
| 157|0x00000000ce900000, 0x00000000ce900000, 0x00000000cea00000|  0%| F|  |TAMS 0x00000000ce900000, 0x00000000ce900000| Untracked 
| 158|0x00000000cea00000, 0x00000000cea00000, 0x00000000ceb00000|  0%| F|  |TAMS 0x00000000cea00000, 0x00000000cea00000| Untracked 
| 159|0x00000000ceb00000, 0x00000000ceb00000, 0x00000000cec00000|  0%| F|  |TAMS 0x00000000ceb00000, 0x00000000ceb00000| Untracked 
| 160|0x00000000cec00000, 0x00000000cec00000, 0x00000000ced00000|  0%| F|  |TAMS 0x00000000cec00000, 0x00000000cec00000| Untracked 
| 161|0x00000000ced00000, 0x00000000ced00000, 0x00000000cee00000|  0%| F|  |TAMS 0x00000000ced00000, 0x00000000ced00000| Untracked 
| 162|0x00000000cee00000, 0x00000000cee00000, 0x00000000cef00000|  0%| F|  |TAMS 0x00000000cee00000, 0x00000000cee00000| Untracked 
| 163|0x00000000cef00000, 0x00000000cef00000, 0x00000000cf000000|  0%| F|  |TAMS 0x00000000cef00000, 0x00000000cef00000| Untracked 
| 164|0x00000000cf000000, 0x00000000cf000000, 0x00000000cf100000|  0%| F|  |TAMS 0x00000000cf000000, 0x00000000cf000000| Untracked 
| 165|0x00000000cf100000, 0x00000000cf100000, 0x00000000cf200000|  0%| F|  |TAMS 0x00000000cf100000, 0x00000000cf100000| Untracked 
| 166|0x00000000cf200000, 0x00000000cf200000, 0x00000000cf300000|  0%| F|  |TAMS 0x00000000cf200000, 0x00000000cf200000| Untracked 
| 167|0x00000000cf300000, 0x00000000cf300000, 0x00000000cf400000|  0%| F|  |TAMS 0x00000000cf300000, 0x00000000cf300000| Untracked 
| 168|0x00000000cf400000, 0x00000000cf500000, 0x00000000cf500000|100%| E|  |TAMS 0x00000000cf400000, 0x00000000cf400000| Complete 
| 169|0x00000000cf500000, 0x00000000cf600000, 0x00000000cf600000|100%| E|CS|TAMS 0x00000000cf500000, 0x00000000cf500000| Complete 
| 170|0x00000000cf600000, 0x00000000cf700000, 0x00000000cf700000|100%| E|CS|TAMS 0x00000000cf600000, 0x00000000cf600000| Complete 
| 171|0x00000000cf700000, 0x00000000cf800000, 0x00000000cf800000|100%| E|CS|TAMS 0x00000000cf700000, 0x00000000cf700000| Complete 
| 172|0x00000000cf800000, 0x00000000cf900000, 0x00000000cf900000|100%| E|CS|TAMS 0x00000000cf800000, 0x00000000cf800000| Complete 
| 173|0x00000000cf900000, 0x00000000cfa00000, 0x00000000cfa00000|100%| E|CS|TAMS 0x00000000cf900000, 0x00000000cf900000| Complete 
| 174|0x00000000cfa00000, 0x00000000cfb00000, 0x00000000cfb00000|100%| E|CS|TAMS 0x00000000cfa00000, 0x00000000cfa00000| Complete 
| 175|0x00000000cfb00000, 0x00000000cfc00000, 0x00000000cfc00000|100%| E|CS|TAMS 0x00000000cfb00000, 0x00000000cfb00000| Complete 
| 176|0x00000000cfc00000, 0x00000000cfd00000, 0x00000000cfd00000|100%| E|CS|TAMS 0x00000000cfc00000, 0x00000000cfc00000| Complete 
| 177|0x00000000cfd00000, 0x00000000cfe00000, 0x00000000cfe00000|100%| E|CS|TAMS 0x00000000cfd00000, 0x00000000cfd00000| Complete 
| 178|0x00000000cfe00000, 0x00000000cff00000, 0x00000000cff00000|100%| E|CS|TAMS 0x00000000cfe00000, 0x00000000cfe00000| Complete 
| 179|0x00000000cff00000, 0x00000000d0000000, 0x00000000d0000000|100%| E|CS|TAMS 0x00000000cff00000, 0x00000000cff00000| Complete 
| 180|0x00000000d0000000, 0x00000000d0100000, 0x00000000d0100000|100%| E|CS|TAMS 0x00000000d0000000, 0x00000000d0000000| Complete 
| 181|0x00000000d0100000, 0x00000000d0200000, 0x00000000d0200000|100%| E|CS|TAMS 0x00000000d0100000, 0x00000000d0100000| Complete 
| 182|0x00000000d0200000, 0x00000000d0300000, 0x00000000d0300000|100%| E|CS|TAMS 0x00000000d0200000, 0x00000000d0200000| Complete 
| 183|0x00000000d0300000, 0x00000000d0400000, 0x00000000d0400000|100%| E|CS|TAMS 0x00000000d0300000, 0x00000000d0300000| Complete 
| 184|0x00000000d0400000, 0x00000000d0500000, 0x00000000d0500000|100%| E|CS|TAMS 0x00000000d0400000, 0x00000000d0400000| Complete 
| 185|0x00000000d0500000, 0x00000000d0600000, 0x00000000d0600000|100%| E|CS|TAMS 0x00000000d0500000, 0x00000000d0500000| Complete 
| 186|0x00000000d0600000, 0x00000000d0700000, 0x00000000d0700000|100%| E|CS|TAMS 0x00000000d0600000, 0x00000000d0600000| Complete 
| 187|0x00000000d0700000, 0x00000000d0800000, 0x00000000d0800000|100%| E|CS|TAMS 0x00000000d0700000, 0x00000000d0700000| Complete 
| 188|0x00000000d0800000, 0x00000000d0900000, 0x00000000d0900000|100%| E|CS|TAMS 0x00000000d0800000, 0x00000000d0800000| Complete 
| 189|0x00000000d0900000, 0x00000000d0a00000, 0x00000000d0a00000|100%| E|CS|TAMS 0x00000000d0900000, 0x00000000d0900000| Complete 
| 190|0x00000000d0a00000, 0x00000000d0b00000, 0x00000000d0b00000|100%| E|CS|TAMS 0x00000000d0a00000, 0x00000000d0a00000| Complete 
| 191|0x00000000d0b00000, 0x00000000d0c00000, 0x00000000d0c00000|100%| E|CS|TAMS 0x00000000d0b00000, 0x00000000d0b00000| Complete 

Card table byte_map: [0x0000020db8c70000,0x0000020db8e50000] _byte_map_base: 0x0000020db864a000

Marking Bits (Prev, Next): (CMBitMap*) 0x0000020db27ec780, (CMBitMap*) 0x0000020db27ec7c0
 Prev Bits: [0x0000020db9030000, 0x0000020db9f00000)
 Next Bits: [0x0000020db9f00000, 0x0000020dbadd0000)

Polling page: 0x0000020db07b0000

Metaspace:

Usage:
  Non-class:     43.36 MB used.
      Class:      6.60 MB used.
       Both:     49.96 MB used.

Virtual space:
  Non-class space:       48.00 MB reserved,      43.56 MB ( 91%) committed,  6 nodes.
      Class space:        1.00 GB reserved,       6.81 MB ( <1%) committed,  1 nodes.
             Both:        1.05 GB reserved,      50.38 MB (  5%) committed. 

Chunk freelists:
   Non-Class:  3.73 MB
       Class:  1.00 MB
        Both:  4.73 MB

MaxMetaspaceSize: unlimited
CompressedClassSpaceSize: 1.00 GB
Initial GC threshold: 21.00 MB
Current GC threshold: 58.88 MB
CDS: off
MetaspaceReclaimPolicy: balanced
 - commit_granule_bytes: 65536.
 - commit_granule_words: 8192.
 - virtual_space_node_default_size: 1048576.
 - enlarge_chunks_in_place: 1.
 - new_chunks_are_fully_committed: 0.
 - uncommit_free_chunks: 1.
 - use_allocation_guard: 0.
 - handle_deallocations: 1.


Internal statistics:

num_allocs_failed_limit: 6.
num_arena_births: 614.
num_arena_deaths: 10.
num_vsnodes_births: 7.
num_vsnodes_deaths: 0.
num_space_committed: 806.
num_space_uncommitted: 0.
num_chunks_returned_to_freelist: 20.
num_chunks_taken_from_freelist: 2205.
num_chunk_merges: 6.
num_chunk_splits: 1518.
num_chunks_enlarged: 1135.
num_purges: 2.
num_inconsistent_stats: 0.

CodeCache: size=49152Kb used=8001Kb max_used=8001Kb free=41150Kb
 bounds [0x0000020db5c70000, 0x0000020db6450000, 0x0000020db8c70000]
 total_blobs=4642 nmethods=4078 adapters=489
 compilation: enabled
              stopped_count=0, restarted_count=0
 full_count=0

Compilation events (20 events):
Event: 9.202 Thread 0x0000020dbf75da30 nmethod 4069 0x0000020db6438590 code [0x0000020db6438720, 0x0000020db6438828]
Event: 9.202 Thread 0x0000020dbf75da30 4070       1       net.bytebuddy.description.type.TypeDescription$ForLoadedType::getModifiers (8 bytes)
Event: 9.203 Thread 0x0000020dbf75da30 nmethod 4070 0x0000020db6438910 code [0x0000020db6438aa0, 0x0000020db6438b98]
Event: 9.203 Thread 0x0000020dbf75da30 4071       1       net.bytebuddy.description.method.MethodDescription$ForLoadedMethod::getLoadedMethod (8 bytes)
Event: 9.203 Thread 0x0000020dbf75da30 nmethod 4071 0x0000020db6438c10 code [0x0000020db6438da0, 0x0000020db6438e98]
Event: 9.203 Thread 0x0000020dbf75da30 4072       1       net.bytebuddy.description.annotation.AnnotationDescription$ForLoadedAnnotation::asValue (327 bytes)
Event: 9.204 Thread 0x0000020dbf75da30 nmethod 4072 0x0000020db6438f10 code [0x0000020db64392e0, 0x0000020db643abd8]
Event: 9.204 Thread 0x0000020dbf75da30 4073       1       net.bytebuddy.description.annotation.AnnotationValue$AbstractBase::<init> (5 bytes)
Event: 9.204 Thread 0x0000020dbf75da30 nmethod 4073 0x0000020db643b590 code [0x0000020db643b720, 0x0000020db643b7d8]
Event: 9.204 Thread 0x0000020dbf75da30 4074       1       net.bytebuddy.description.annotation.AnnotationValue$AbstractBase::filter (12 bytes)
Event: 9.204 Thread 0x0000020dbf75da30 nmethod 4074 0x0000020db643b890 code [0x0000020db643ba40, 0x0000020db643bb58]
Event: 9.204 Thread 0x0000020dbf75da30 4075       1       net.bytebuddy.description.annotation.AnnotationDescription$AbstractBase::<init> (5 bytes)
Event: 9.204 Thread 0x0000020dbf75da30 nmethod 4075 0x0000020db643bc10 code [0x0000020db643bda0, 0x0000020db643be58]
Event: 9.204 Thread 0x0000020dbf75da30 4076       1       net.bytebuddy.description.annotation.AnnotationList$ForLoadedAnnotations::get (6 bytes)
Event: 9.205 Thread 0x0000020dbd25ac30 nmethod 4068 0x0000020db643bf10 code [0x0000020db643c480, 0x0000020db643e168]
Event: 9.205 Thread 0x0000020dbd25ac30 4077       1       net.bytebuddy.description.annotation.AnnotationList$ForLoadedAnnotations::get (17 bytes)
Event: 9.205 Thread 0x0000020dbf75da30 nmethod 4076 0x0000020db643f410 code [0x0000020db643f5c0, 0x0000020db643f858]
Event: 9.205 Thread 0x0000020dbd25ac30 nmethod 4077 0x0000020db643f990 code [0x0000020db643fb40, 0x0000020db643fdd8]
Event: 9.206 Thread 0x0000020dbf75da30 4078       1       net.bytebuddy.description.annotation.AnnotationList$AbstractBase::ofType (54 bytes)
Event: 9.206 Thread 0x0000020dbf75da30 nmethod 4078 0x0000020db643ff10 code [0x0000020db6440100, 0x0000020db64404b8]

GC Heap History (20 events):
Event: 4.903 GC heap before
{Heap before GC invocations=10 (full 0):
 garbage-first heap   total 40960K, used 29673K [0x00000000c4c00000, 0x0000000100000000)
  region size 1024K, 20 young (20480K), 1 survivors (1024K)
 Metaspace       used 28164K, committed 28544K, reserved 1081344K
  class space    used 3416K, committed 3584K, reserved 1048576K
}
Event: 4.905 GC heap after
{Heap after GC invocations=11 (full 0):
 garbage-first heap   total 40960K, used 12525K [0x00000000c4c00000, 0x0000000100000000)
  region size 1024K, 2 young (2048K), 2 survivors (2048K)
 Metaspace       used 28164K, committed 28544K, reserved 1081344K
  class space    used 3416K, committed 3584K, reserved 1048576K
}
Event: 4.909 GC heap before
{Heap before GC invocations=11 (full 0):
 garbage-first heap   total 40960K, used 29933K [0x00000000c4c00000, 0x0000000100000000)
  region size 1024K, 20 young (20480K), 2 survivors (2048K)
 Metaspace       used 28164K, committed 28544K, reserved 1081344K
  class space    used 3416K, committed 3584K, reserved 1048576K
}
Event: 4.911 GC heap after
{Heap after GC invocations=12 (full 0):
 garbage-first heap   total 40960K, used 12589K [0x00000000c4c00000, 0x0000000100000000)
  region size 1024K, 2 young (2048K), 2 survivors (2048K)
 Metaspace       used 28164K, committed 28544K, reserved 1081344K
  class space    used 3416K, committed 3584K, reserved 1048576K
}
Event: 4.915 GC heap before
{Heap before GC invocations=12 (full 0):
 garbage-first heap   total 40960K, used 31021K [0x00000000c4c00000, 0x0000000100000000)
  region size 1024K, 21 young (21504K), 2 survivors (2048K)
 Metaspace       used 28164K, committed 28544K, reserved 1081344K
  class space    used 3416K, committed 3584K, reserved 1048576K
}
Event: 4.917 GC heap after
{Heap after GC invocations=13 (full 0):
 garbage-first heap   total 117760K, used 12635K [0x00000000c4c00000, 0x0000000100000000)
  region size 1024K, 2 young (2048K), 2 survivors (2048K)
 Metaspace       used 28164K, committed 28544K, reserved 1081344K
  class space    used 3416K, committed 3584K, reserved 1048576K
}
Event: 4.949 GC heap before
{Heap before GC invocations=13 (full 0):
 garbage-first heap   total 117760K, used 80219K [0x00000000c4c00000, 0x0000000100000000)
  region size 1024K, 69 young (70656K), 2 survivors (2048K)
 Metaspace       used 28164K, committed 28544K, reserved 1081344K
  class space    used 3416K, committed 3584K, reserved 1048576K
}
Event: 4.950 GC heap after
{Heap after GC invocations=14 (full 0):
 garbage-first heap   total 117760K, used 12679K [0x00000000c4c00000, 0x0000000100000000)
  region size 1024K, 2 young (2048K), 2 survivors (2048K)
 Metaspace       used 28164K, committed 28544K, reserved 1081344K
  class space    used 3416K, committed 3584K, reserved 1048576K
}
Event: 7.136 GC heap before
{Heap before GC invocations=14 (full 0):
 garbage-first heap   total 117760K, used 80263K [0x00000000c4c00000, 0x0000000100000000)
  region size 1024K, 69 young (70656K), 2 survivors (2048K)
 Metaspace       used 34196K, committed 34560K, reserved 1081344K
  class space    used 4347K, committed 4480K, reserved 1048576K
}
Event: 7.147 GC heap after
{Heap after GC invocations=15 (full 0):
 garbage-first heap   total 117760K, used 16713K [0x00000000c4c00000, 0x0000000100000000)
  region size 1024K, 6 young (6144K), 6 survivors (6144K)
 Metaspace       used 34196K, committed 34560K, reserved 1081344K
  class space    used 4347K, committed 4480K, reserved 1048576K
}
Event: 7.349 GC heap before
{Heap before GC invocations=15 (full 0):
 garbage-first heap   total 117760K, used 24905K [0x00000000c4c00000, 0x0000000100000000)
  region size 1024K, 15 young (15360K), 6 survivors (6144K)
 Metaspace       used 35569K, committed 35968K, reserved 1081344K
  class space    used 4530K, committed 4736K, reserved 1048576K
}
Event: 7.354 GC heap after
{Heap after GC invocations=16 (full 0):
 garbage-first heap   total 117760K, used 17936K [0x00000000c4c00000, 0x0000000100000000)
  region size 1024K, 6 young (6144K), 6 survivors (6144K)
 Metaspace       used 35569K, committed 35968K, reserved 1081344K
  class space    used 4530K, committed 4736K, reserved 1048576K
}
Event: 7.396 GC heap before
{Heap before GC invocations=17 (full 0):
 garbage-first heap   total 65536K, used 52752K [0x00000000c4c00000, 0x0000000100000000)
  region size 1024K, 42 young (43008K), 6 survivors (6144K)
 Metaspace       used 35839K, committed 36224K, reserved 1081344K
  class space    used 4563K, committed 4736K, reserved 1048576K
}
Event: 7.400 GC heap after
{Heap after GC invocations=18 (full 0):
 garbage-first heap   total 65536K, used 18057K [0x00000000c4c00000, 0x0000000100000000)
  region size 1024K, 2 young (2048K), 2 survivors (2048K)
 Metaspace       used 35839K, committed 36224K, reserved 1081344K
  class space    used 4563K, committed 4736K, reserved 1048576K
}
Event: 7.401 GC heap before
{Heap before GC invocations=18 (full 0):
 garbage-first heap   total 65536K, used 19081K [0x00000000c4c00000, 0x0000000100000000)
  region size 1024K, 4 young (4096K), 2 survivors (2048K)
 Metaspace       used 35839K, committed 36224K, reserved 1081344K
  class space    used 4563K, committed 4736K, reserved 1048576K
}
Event: 7.404 GC heap after
{Heap after GC invocations=19 (full 0):
 garbage-first heap   total 65536K, used 17776K [0x00000000c4c00000, 0x0000000100000000)
  region size 1024K, 1 young (1024K), 1 survivors (1024K)
 Metaspace       used 35839K, committed 36224K, reserved 1081344K
  class space    used 4563K, committed 4736K, reserved 1048576K
}
Event: 7.409 GC heap before
{Heap before GC invocations=19 (full 0):
 garbage-first heap   total 65536K, used 51568K [0x00000000c4c00000, 0x0000000100000000)
  region size 1024K, 35 young (35840K), 1 survivors (1024K)
 Metaspace       used 35839K, committed 36224K, reserved 1081344K
  class space    used 4563K, committed 4736K, reserved 1048576K
}
Event: 7.411 GC heap after
{Heap after GC invocations=20 (full 0):
 garbage-first heap   total 196608K, used 17648K [0x00000000c4c00000, 0x0000000100000000)
  region size 1024K, 1 young (1024K), 1 survivors (1024K)
 Metaspace       used 35839K, committed 36224K, reserved 1081344K
  class space    used 4563K, committed 4736K, reserved 1048576K
}
Event: 8.695 GC heap before
{Heap before GC invocations=20 (full 0):
 garbage-first heap   total 196608K, used 133360K [0x00000000c4c00000, 0x0000000100000000)
  region size 1024K, 115 young (117760K), 1 survivors (1024K)
 Metaspace       used 46286K, committed 46784K, reserved 1097728K
  class space    used 6116K, committed 6336K, reserved 1048576K
}
Event: 8.698 GC heap after
{Heap after GC invocations=21 (full 0):
 garbage-first heap   total 196608K, used 19978K [0x00000000c4c00000, 0x0000000100000000)
  region size 1024K, 3 young (3072K), 3 survivors (3072K)
 Metaspace       used 46286K, committed 46784K, reserved 1097728K
  class space    used 6116K, committed 6336K, reserved 1048576K
}

Deoptimization events (10 events):
Event: 2.265 Thread 0x0000020db27be8f0 DEOPT PACKING pc=0x0000020db5e17075 sp=0x00000033cd7fd7f0
Event: 2.265 Thread 0x0000020db27be8f0 DEOPT UNPACKING pc=0x0000020db5cc6763 sp=0x00000033cd7fcc48 mode 3
Event: 4.512 Thread 0x0000020dbe4ae170 DEOPT PACKING pc=0x0000020db6135319 sp=0x00000033cf6fcc00
Event: 4.512 Thread 0x0000020dbe4ae170 DEOPT UNPACKING pc=0x0000020db5cc6763 sp=0x00000033cf6fc0e0 mode 3
Event: 4.836 Thread 0x0000020dbe4ae170 DEOPT PACKING pc=0x0000020db618b405 sp=0x00000033cf6fdf20
Event: 4.836 Thread 0x0000020dbe4ae170 DEOPT UNPACKING pc=0x0000020db5cc6763 sp=0x00000033cf6fd480 mode 3
Event: 4.837 Thread 0x0000020dbe4ae170 DEOPT PACKING pc=0x0000020db61890d5 sp=0x00000033cf6fdf60
Event: 4.837 Thread 0x0000020dbe4ae170 DEOPT UNPACKING pc=0x0000020db5cc6763 sp=0x00000033cf6fd408 mode 3
Event: 7.594 Thread 0x0000020dbe4ae170 DEOPT PACKING pc=0x0000020db639e2fd sp=0x00000033cf6fc040
Event: 7.594 Thread 0x0000020dbe4ae170 DEOPT UNPACKING pc=0x0000020db5cc6763 sp=0x00000033cf6fb5a8 mode 3

Classes unloaded (5 events):
Event: 4.322 Thread 0x0000020dbd276050 Unloading class 0x0000000100145400 'java/lang/invoke/LambdaForm$MH+0x0000000100145400'
Event: 4.323 Thread 0x0000020dbd276050 Unloading class 0x0000000100144c00 'java/lang/invoke/LambdaForm$MH+0x0000000100144c00'
Event: 4.323 Thread 0x0000020dbd276050 Unloading class 0x0000000100144000 'java/lang/invoke/LambdaForm$MH+0x0000000100144000'
Event: 4.323 Thread 0x0000020dbd276050 Unloading class 0x0000000100143800 'java/lang/invoke/LambdaForm$MH+0x0000000100143800'
Event: 4.323 Thread 0x0000020dbd276050 Unloading class 0x0000000100142c00 'java/lang/invoke/LambdaForm$MH+0x0000000100142c00'

Classes redefined (0 events):
No events

Internal exceptions (20 events):
Event: 7.686 Thread 0x0000020dbe4ae170 Exception <a 'sun/nio/fs/WindowsException'{0x00000000cc10b318}> (0x00000000cc10b318) 
thrown [t:\workspace\open\src\hotspot\share\prims\jni.cpp, line 516]
Event: 7.721 Thread 0x0000020dbe4ae170 Exception <a 'java/lang/NoSuchMethodError'{0x00000000cc0fa6e8}: 'java.lang.Object java.lang.invoke.Invokers$Holder.invoke_MT(java.lang.Object, java.lang.Object, java.lang.Object)'> (0x00000000cc0fa6e8) 
thrown [t:\workspace\open\src\hotspot\share\interpreter\linkResolver.cpp, line 766]
Event: 8.157 Thread 0x0000020dbe4aeb10 Exception <a 'java/lang/reflect/InvocationTargetException'{0x00000000cc986650}> (0x00000000cc986650) 
thrown [t:\workspace\open\src\hotspot\share\runtime\reflection.cpp, line 1121]
Event: 8.306 Thread 0x0000020dbe4ae170 Exception <a 'java/lang/NoSuchMethodError'{0x00000000ca179680}: 'int java.lang.invoke.DirectMethodHandle$Holder.invokeStatic(java.lang.Object)'> (0x00000000ca179680) 
thrown [t:\workspace\open\src\hotspot\share\interpreter\linkResolver.cpp, line 766]
Event: 8.341 Thread 0x0000020dbe4ae170 Exception <a 'java/lang/NoSuchMethodError'{0x00000000ca0f0ae8}: 'int java.lang.invoke.DirectMethodHandle$Holder.invokeStaticInit(java.lang.Object, java.lang.Object, java.lang.Object, java.lang.Object)'> (0x00000000ca0f0ae8) 
thrown [t:\workspace\open\src\hotspot\share\interpreter\linkResolver.cpp, line 766]
Event: 8.571 Thread 0x0000020dbe4ae170 Exception <a 'sun/nio/fs/WindowsException'{0x00000000c9e8afb0}> (0x00000000c9e8afb0) 
thrown [t:\workspace\open\src\hotspot\share\prims\jni.cpp, line 516]
Event: 8.598 Thread 0x0000020dbe4ae170 Exception <a 'java/lang/NoSuchMethodError'{0x00000000c9d9ecc0}: 'int java.lang.invoke.DirectMethodHandle$Holder.invokeInterface(java.lang.Object, java.lang.Object, int)'> (0x00000000c9d9ecc0) 
thrown [t:\workspace\open\src\hotspot\share\interpreter\linkResolver.cpp, line 766]
Event: 8.598 Thread 0x0000020dbe4ae170 Exception <a 'java/lang/IncompatibleClassChangeError'{0x00000000c9da2548}: Found class java.lang.Object, but interface was expected> (0x00000000c9da2548) 
thrown [t:\workspace\open\src\hotspot\share\interpreter\linkResolver.cpp, line 833]
Event: 8.705 Thread 0x0000020dbe4aeb10 Exception <a 'java/lang/reflect/InvocationTargetException'{0x00000000d0b917a0}> (0x00000000d0b917a0) 
thrown [t:\workspace\open\src\hotspot\share\runtime\reflection.cpp, line 1121]
Event: 8.818 Thread 0x0000020dbe4ae170 Exception <a 'java/lang/NoSuchMethodError'{0x00000000d06823c8}: 'java.lang.Object java.lang.invoke.DirectMethodHandle$Holder.invokeStaticInit(java.lang.Object, java.lang.Object, java.lang.Object, java.lang.Object)'> (0x00000000d06823c8) 
thrown [t:\workspace\open\src\hotspot\share\interpreter\linkResolver.cpp, line 766]
Event: 8.827 Thread 0x0000020dbe4ae170 Exception <a 'java/lang/NoSuchMethodError'{0x00000000d05428b0}: 'java.lang.Object java.lang.invoke.DirectMethodHandle$Holder.invokeSpecial(java.lang.Object, java.lang.Object, long, java.lang.Object, java.lang.Object, java.lang.Object, java.lang.Object, java.lang.Object, java.lang.Object, java.lang.Object)'> (0x00000000d05428b0) 
thrown [t:\workspace\open\src\hotspot\share\interpreter\linkResolver.cpp, line 766]
Event: 8.827 Thread 0x0000020dbe4ae170 Exception <a 'java/lang/NoSuchMethodError'{0x00000000d0547668}: 'java.lang.Object java.lang.invoke.DelegatingMethodHandle$Holder.reinvoke_L(java.lang.Object, long, java.lang.Object, java.lang.Object, java.lang.Object, java.lang.Object, java.lang.Object, java.lang.Object, java.lang.Object)'> (0x00000000d0547668) 
thrown [t:\workspace\open\src\hotspot\share\interpreter\linkResolver.cpp, line 766]
Event: 8.828 Thread 0x0000020dbe4ae170 Exception <a 'java/lang/NoSuchMethodError'{0x00000000d055f388}: 'java.lang.Object java.lang.invoke.DirectMethodHandle$Holder.invokeSpecial(java.lang.Object, java.lang.Object, java.lang.Object, java.lang.Object, java.lang.Object, java.lang.Object, java.lang.Object, java.lang.Object, java.lang.Object)'> (0x00000000d055f388) 
thrown [t:\workspace\open\src\hotspot\share\interpreter\linkResolver.cpp, line 766]
Event: 8.828 Thread 0x0000020dbe4ae170 Exception <a 'java/lang/NoSuchMethodError'{0x00000000d0564010}: 'java.lang.Object java.lang.invoke.Invokers$Holder.linkToTargetMethod(java.lang.Object, java.lang.Object, java.lang.Object, java.lang.Object, java.lang.Object, java.lang.Object, java.lang.Object, java.lang.Object)'> (0x00000000d0564010) 
thrown [t:\workspace\open\src\hotspot\share\interpreter\linkResolver.cpp, line 766]
Event: 9.033 Thread 0x0000020dbe4ae170 Exception <a 'java/lang/NoSuchMethodError'{0x00000000cfba0dd8}: 'int java.lang.invoke.DirectMethodHandle$Holder.invokeVirtual(java.lang.Object, java.lang.Object, java.lang.Object)'> (0x00000000cfba0dd8) 
thrown [t:\workspace\open\src\hotspot\share\interpreter\linkResolver.cpp, line 766]
Event: 9.047 Thread 0x0000020dc0161bb0 Exception <a 'sun/net/ConnectionResetException'{0x00000000cfd9bb20}: Connection reset> (0x00000000cfd9bb20) 
thrown [t:\workspace\open\src\hotspot\share\prims\jni.cpp, line 535]
Event: 9.066 Thread 0x0000020dc0161bb0 Exception <a 'sun/net/ConnectionResetException'{0x00000000cfdce1a8}: Connection reset> (0x00000000cfdce1a8) 
thrown [t:\workspace\open\src\hotspot\share\prims\jni.cpp, line 535]
Event: 9.088 Thread 0x0000020dc0161bb0 Exception <a 'sun/net/ConnectionResetException'{0x00000000cfdd6b48}: Connection reset> (0x00000000cfdd6b48) 
thrown [t:\workspace\open\src\hotspot\share\prims\jni.cpp, line 535]
Event: 9.186 Thread 0x0000020dc0161bb0 Exception <a 'sun/net/ConnectionResetException'{0x00000000cfddf4e8}: Connection reset> (0x00000000cfddf4e8) 
thrown [t:\workspace\open\src\hotspot\share\prims\jni.cpp, line 535]
Event: 9.210 Thread 0x0000020dbe4aeb10 Exception <a 'java/lang/reflect/InvocationTargetException'{0x00000000d0b95a88}> (0x00000000d0b95a88) 
thrown [t:\workspace\open\src\hotspot\share\runtime\reflection.cpp, line 1121]

VM Operations (20 events):
Event: 7.543 Executing VM operation: HandshakeAllThreads
Event: 7.543 Executing VM operation: HandshakeAllThreads done
Event: 7.576 Executing VM operation: HandshakeAllThreads
Event: 7.576 Executing VM operation: HandshakeAllThreads done
Event: 7.576 Executing VM operation: HandshakeAllThreads
Event: 7.576 Executing VM operation: HandshakeAllThreads done
Event: 7.608 Executing VM operation: HandshakeAllThreads
Event: 7.608 Executing VM operation: HandshakeAllThreads done
Event: 7.781 Executing VM operation: HandshakeAllThreads
Event: 7.781 Executing VM operation: HandshakeAllThreads done
Event: 8.573 Executing VM operation: HandshakeAllThreads
Event: 8.573 Executing VM operation: HandshakeAllThreads done
Event: 8.573 Executing VM operation: Cleanup
Event: 8.573 Executing VM operation: Cleanup done
Event: 8.579 Executing VM operation: HandshakeAllThreads
Event: 8.579 Executing VM operation: HandshakeAllThreads done
Event: 8.597 Executing VM operation: HandshakeAllThreads
Event: 8.597 Executing VM operation: HandshakeAllThreads done
Event: 8.695 Executing VM operation: G1CollectForAllocation
Event: 8.698 Executing VM operation: G1CollectForAllocation done

Events (20 events):
Event: 8.703 Thread 0x0000020dc0162a20 Thread added: 0x0000020dc0162a20
Event: 8.704 loading class java/util/concurrent/ThreadPoolExecutor$CallerRunsPolicy
Event: 8.704 loading class java/util/concurrent/ThreadPoolExecutor$CallerRunsPolicy done
Event: 8.801 loading class java/util/regex/Pattern$1MatcherIterator
Event: 8.801 loading class java/util/regex/Pattern$1MatcherIterator done
Event: 8.806 Thread 0x0000020dc0161bb0 Thread added: 0x0000020dc0161bb0
Event: 8.839 loading class jdk/internal/reflect/UnsafeQualifiedStaticIntegerFieldAccessorImpl
Event: 8.839 loading class jdk/internal/reflect/UnsafeQualifiedStaticIntegerFieldAccessorImpl done
Event: 9.047 loading class sun/net/ConnectionResetException
Event: 9.047 loading class sun/net/ConnectionResetException done
Event: 9.061 loading class java/util/stream/ReduceOps$1
Event: 9.061 loading class java/util/stream/ReduceOps$1 done
Event: 9.061 loading class java/util/stream/ReduceOps$1ReducingSink
Event: 9.062 loading class java/util/stream/ReduceOps$1ReducingSink done
Event: 9.180 loading class java/io/StringWriter
Event: 9.181 loading class java/io/StringWriter done
Event: 9.233 loading class javax/naming/RefAddr
Event: 9.234 loading class javax/naming/RefAddr done
Event: 9.234 loading class javax/naming/StringRefAddr
Event: 9.234 loading class javax/naming/StringRefAddr done


Dynamic libraries:
0x00007ff6dd6d0000 - 0x00007ff6dd6e0000 	C:\Program Files\Java\jre\bin\javaw.exe
0x00007ffc8c7b0000 - 0x00007ffc8c9c7000 	C:\WINDOWS\SYSTEM32\ntdll.dll
0x00007ffc8bc40000 - 0x00007ffc8bd04000 	C:\WINDOWS\System32\KERNEL32.DLL
0x00007ffc89a30000 - 0x00007ffc89e03000 	C:\WINDOWS\System32\KERNELBASE.dll
0x00007ffc8a0a0000 - 0x00007ffc8a1b1000 	C:\WINDOWS\System32\ucrtbase.dll
0x00007ffc66f30000 - 0x00007ffc66f48000 	C:\Program Files\Java\jre\bin\jli.dll
0x00007ffc8b170000 - 0x00007ffc8b221000 	C:\WINDOWS\System32\ADVAPI32.dll
0x00007ffc8afa0000 - 0x00007ffc8b047000 	C:\WINDOWS\System32\msvcrt.dll
0x00007ffc8ad50000 - 0x00007ffc8adf8000 	C:\WINDOWS\System32\sechost.dll
0x00007ffc8a420000 - 0x00007ffc8a448000 	C:\WINDOWS\System32\bcrypt.dll
0x00007ffc8ae80000 - 0x00007ffc8af94000 	C:\WINDOWS\System32\RPCRT4.dll
0x00007ffc8bd90000 - 0x00007ffc8bf41000 	C:\WINDOWS\System32\USER32.dll
0x00007ffc752f0000 - 0x00007ffc75588000 	C:\WINDOWS\WinSxS\amd64_microsoft.windows.common-controls_6595b64144ccf1df_6.0.22621.5124_none_270e8f4f7386d69d\COMCTL32.dll
0x00007ffc89f70000 - 0x00007ffc89f96000 	C:\WINDOWS\System32\win32u.dll
0x00007ffc8c450000 - 0x00007ffc8c479000 	C:\WINDOWS\System32\GDI32.dll
0x00007ffc8a1c0000 - 0x00007ffc8a2db000 	C:\WINDOWS\System32\gdi32full.dll
0x00007ffc89ed0000 - 0x00007ffc89f6a000 	C:\WINDOWS\System32\msvcp_win.dll
0x00007ffc7dcf0000 - 0x00007ffc7dcfa000 	C:\WINDOWS\SYSTEM32\VERSION.dll
0x00007ffc66f10000 - 0x00007ffc66f2a000 	C:\Program Files\Java\jre\bin\VCRUNTIME140.dll
0x00007ffc8c730000 - 0x00007ffc8c761000 	C:\WINDOWS\System32\IMM32.DLL
0x00007ffc68700000 - 0x00007ffc6870c000 	C:\Program Files\Java\jre\bin\vcruntime140_1.dll
0x00007ffc66700000 - 0x00007ffc6678d000 	C:\Program Files\Java\jre\bin\msvcp140.dll
0x00007ffbea340000 - 0x00007ffbeaefe000 	C:\Program Files\Java\jre\bin\server\jvm.dll
0x00007ffc8b230000 - 0x00007ffc8b238000 	C:\WINDOWS\System32\PSAPI.DLL
0x00007ffc51e20000 - 0x00007ffc51e29000 	C:\WINDOWS\SYSTEM32\WSOCK32.dll
0x00007ffc8ae00000 - 0x00007ffc8ae71000 	C:\WINDOWS\System32\WS2_32.dll
0x00007ffc80310000 - 0x00007ffc80344000 	C:\WINDOWS\SYSTEM32\WINMM.dll
0x00007ffc888f0000 - 0x00007ffc88908000 	C:\WINDOWS\SYSTEM32\kernel.appcore.dll
0x00007ffc67670000 - 0x00007ffc6767a000 	C:\Program Files\Java\jre\bin\jimage.dll
0x00007ffc82050000 - 0x00007ffc82282000 	C:\WINDOWS\SYSTEM32\DBGHELP.DLL
0x00007ffc8bf50000 - 0x00007ffc8c2e2000 	C:\WINDOWS\System32\combase.dll
0x00007ffc8a540000 - 0x00007ffc8a617000 	C:\WINDOWS\System32\OLEAUT32.dll
0x00007ffc74e20000 - 0x00007ffc74e52000 	C:\WINDOWS\SYSTEM32\dbgcore.DLL
0x00007ffc89fa0000 - 0x00007ffc8a01b000 	C:\WINDOWS\System32\bcryptPrimitives.dll
0x00007ffc66970000 - 0x00007ffc66995000 	C:\Program Files\Java\jre\bin\java.dll
0x00007ffc666e0000 - 0x00007ffc666f8000 	C:\Program Files\Java\jre\bin\zip.dll
0x00007ffc8b350000 - 0x00007ffc8bbe6000 	C:\WINDOWS\System32\SHELL32.dll
0x00007ffc8a2e0000 - 0x00007ffc8a41f000 	C:\WINDOWS\System32\wintypes.dll
0x00007ffc877e0000 - 0x00007ffc880fa000 	C:\WINDOWS\SYSTEM32\windows.storage.dll
0x00007ffc8b240000 - 0x00007ffc8b34a000 	C:\WINDOWS\System32\SHCORE.dll
0x00007ffc8a630000 - 0x00007ffc8a693000 	C:\WINDOWS\System32\shlwapi.dll
0x00007ffc897f0000 - 0x00007ffc8981b000 	C:\WINDOWS\SYSTEM32\profapi.dll
0x00007ffc66660000 - 0x00007ffc66679000 	C:\Program Files\Java\jre\bin\net.dll
0x00007ffc81680000 - 0x00007ffc817ac000 	C:\WINDOWS\SYSTEM32\WINHTTP.dll
0x00007ffc88d70000 - 0x00007ffc88dda000 	C:\WINDOWS\system32\mswsock.dll
0x00007ffc605d0000 - 0x00007ffc605e5000 	C:\Program Files\Java\jre\bin\nio.dll
0x00007ffc674d0000 - 0x00007ffc674d9000 	C:\Program Files\Java\jre\bin\management.dll
0x00007ffc669b0000 - 0x00007ffc669bb000 	C:\Program Files\Java\jre\bin\management_ext.dll
0x00007ffc5e720000 - 0x00007ffc5e737000 	C:\WINDOWS\system32\napinsp.dll
0x00007ffc5aee0000 - 0x00007ffc5aefb000 	C:\WINDOWS\system32\pnrpnsp.dll
0x00007ffc88380000 - 0x00007ffc88482000 	C:\WINDOWS\SYSTEM32\DNSAPI.dll
0x00007ffc88350000 - 0x00007ffc8837d000 	C:\WINDOWS\SYSTEM32\IPHLPAPI.DLL
0x00007ffc8a620000 - 0x00007ffc8a629000 	C:\WINDOWS\System32\NSI.dll
0x00007ffc55f50000 - 0x00007ffc55f61000 	C:\WINDOWS\System32\winrnr.dll
0x00007ffc79b10000 - 0x00007ffc79b25000 	C:\WINDOWS\system32\wshbth.dll
0x00007ffc45a90000 - 0x00007ffc45ab7000 	C:\WINDOWS\system32\nlansp_c.dll
0x00007ffc79a50000 - 0x00007ffc79a5a000 	C:\Windows\System32\rasadhlp.dll
0x00007ffc797e0000 - 0x00007ffc79863000 	C:\WINDOWS\System32\fwpuclnt.dll
0x00007ffc89030000 - 0x00007ffc8904b000 	C:\WINDOWS\SYSTEM32\CRYPTSP.dll
0x00007ffc88850000 - 0x00007ffc88887000 	C:\WINDOWS\system32\rsaenh.dll
0x00007ffc88ed0000 - 0x00007ffc88ef8000 	C:\WINDOWS\SYSTEM32\USERENV.dll
0x00007ffc89050000 - 0x00007ffc8905c000 	C:\WINDOWS\SYSTEM32\CRYPTBASE.dll
0x00007ffc81640000 - 0x00007ffc81659000 	C:\WINDOWS\SYSTEM32\dhcpcsvc6.DLL
0x00007ffc81620000 - 0x00007ffc8163f000 	C:\WINDOWS\SYSTEM32\dhcpcsvc.DLL
0x00007ffc648a0000 - 0x00007ffc648ae000 	C:\Program Files\Java\jre\bin\sunmscapi.dll
0x00007ffc898c0000 - 0x00007ffc89a27000 	C:\WINDOWS\System32\CRYPT32.dll
0x00007ffc89270000 - 0x00007ffc8929d000 	C:\WINDOWS\SYSTEM32\ncrypt.dll
0x00007ffc89230000 - 0x00007ffc89267000 	C:\WINDOWS\SYSTEM32\NTASN1.dll
0x00007ffc74ab0000 - 0x00007ffc74ac0000 	C:\Program Files\Java\jre\bin\verify.dll

dbghelp: loaded successfully - version: 4.0.5 - missing functions: none
symbol engine: initialized successfully - sym options: 0x614 - pdb path: .;C:\Program Files\Java\jre\bin;C:\WINDOWS\SYSTEM32;C:\WINDOWS\WinSxS\amd64_microsoft.windows.common-controls_6595b64144ccf1df_6.0.22621.5124_none_270e8f4f7386d69d;C:\Program Files\Java\jre\bin\server

VM Arguments:
jvm_args: -Dcom.sun.management.jmxremote -Dcom.sun.management.jmxremote.port=56404 -Dcom.sun.management.jmxremote.authenticate=false -Dcom.sun.management.jmxremote.ssl=false -Djava.rmi.server.hostname=localhost -Dspring.jmx.enabled=true -Dmanagement.endpoints.jmx.exposure.include=* -Dspring.application.admin.enabled=true -Dspring.output.ansi.enabled=always -XX:TieredStopAtLevel=1 -Dspring.boot.project.name=RESTAPICRUD -Dfile.encoding=UTF-8 -Dstdout.encoding=UTF-8 -Dstderr.encoding=UTF-8 -XX:+ShowCodeDetailsInExceptionMessages 
java_command: com.example.demo.RestapicrudApplication
java_class_path (initial): C:\Users\Darshana\Documents\workspace-spring-tool-suite-4-4.29.1.RELEASE\RESTAPICRUD\target\classes;C:\Users\Darshana\.m2\repository\org\springframework\boot\spring-boot-starter-web\3.4.6\spring-boot-starter-web-3.4.6.jar;C:\Users\Darshana\.m2\repository\org\springframework\boot\spring-boot-starter\3.4.6\spring-boot-starter-3.4.6.jar;C:\Users\Darshana\.m2\repository\org\springframework\boot\spring-boot-starter-logging\3.4.6\spring-boot-starter-logging-3.4.6.jar;C:\Users\Darshana\.m2\repository\ch\qos\logback\logback-classic\1.5.18\logback-classic-1.5.18.jar;C:\Users\Darshana\.m2\repository\ch\qos\logback\logback-core\1.5.18\logback-core-1.5.18.jar;C:\Users\Darshana\.m2\repository\org\apache\logging\log4j\log4j-to-slf4j\2.24.3\log4j-to-slf4j-2.24.3.jar;C:\Users\Darshana\.m2\repository\org\apache\logging\log4j\log4j-api\2.24.3\log4j-api-2.24.3.jar;C:\Users\Darshana\.m2\repository\org\slf4j\jul-to-slf4j\2.0.17\jul-to-slf4j-2.0.17.jar;C:\Users\Darshana\.m2\repository\jakarta\annotation\jakarta.annotation-api\2.1.1\jakarta.annotation-api-2.1.1.jar;C:\Users\Darshana\.m2\repository\org\yaml\snakeyaml\2.3\snakeyaml-2.3.jar;C:\Users\Darshana\.m2\repository\org\springframework\boot\spring-boot-starter-json\3.4.6\spring-boot-starter-json-3.4.6.jar;C:\Users\Darshana\.m2\repository\com\fasterxml\jackson\core\jackson-databind\2.18.4\jackson-databind-2.18.4.jar;C:\Users\Darshana\.m2\repository\com\fasterxml\jackson\core\jackson-annotations\2.18.4\jackson-annotations-2.18.4.jar;C:\Users\Darshana\.m2\repository\com\fasterxml\jackson\core\jackson-core\2.18.4\jackson-core-2.18.4.jar;C:\Users\Darshana\.m2\repository\com\fasterxml\jackson\datatype\jackson-datatype-jdk8\2.18.4\jackson-datatype-jdk8-2.18.4.jar;C:\Users\Darshana\.m2\repository\com\fasterxml\jackson\datatype\jackson-datatype-jsr310\2.18.4\jackson-datatype-jsr310-2.18.4.jar;C:\Users\Darshana\.m2\repository\com\fasterxml\jackson\module\jackson-module-parameter-names\2.18.4\jackson-module-parameter
Launcher Type: SUN_STANDARD

[Global flags]
     intx CICompilerCount                          = 3                                         {product} {ergonomic}
     uint ConcGCThreads                            = 1                                         {product} {ergonomic}
     uint G1ConcRefinementThreads                  = 4                                         {product} {ergonomic}
   size_t G1HeapRegionSize                         = 1048576                                   {product} {ergonomic}
    uintx GCDrainStackTargetSize                   = 64                                        {product} {ergonomic}
   size_t InitialHeapSize                          = 62914560                                  {product} {ergonomic}
     bool ManagementServer                         = true                                      {product} {command line}
   size_t MarkStackSize                            = 4194304                                   {product} {ergonomic}
   size_t MaxHeapSize                              = 994050048                                 {product} {ergonomic}
   size_t MaxNewSize                               = 595591168                                 {product} {ergonomic}
   size_t MinHeapDeltaBytes                        = 1048576                                   {product} {ergonomic}
   size_t MinHeapSize                              = 8388608                                   {product} {ergonomic}
    uintx NonProfiledCodeHeapSize                  = 0                                      {pd product} {ergonomic}
     bool ProfileInterpreter                       = false                                  {pd product} {command line}
    uintx ProfiledCodeHeapSize                     = 0                                      {pd product} {ergonomic}
     bool ShowCodeDetailsInExceptionMessages       = true                                   {manageable} {command line}
   size_t SoftMaxHeapSize                          = 994050048                              {manageable} {ergonomic}
     intx TieredStopAtLevel                        = 1                                         {product} {command line}
     bool UseCompressedClassPointers               = true                           {product lp64_product} {ergonomic}
     bool UseCompressedOops                        = true                           {product lp64_product} {ergonomic}
     bool UseG1GC                                  = true                                      {product} {ergonomic}
     bool UseLargePagesIndividualAllocation        = false                                  {pd product} {ergonomic}

Logging:
Log output configuration:
 #0: stdout all=warning uptime,level,tags
 #1: stderr all=off uptime,level,tags

Environment Variables:
JAVA_HOME=C:\Users\Darshana\Downloads\jdk-22_windows-x64_bin\jdk-22.0.2
PATH=D:/Desktop files/sts-4.29.1.RELEASE//plugins/org.eclipse.justj.openjdk.hotspot.jre.full.win32.x86_64_21.0.6.v20250130-0529/jre/bin/server;D:/Desktop files/sts-4.29.1.RELEASE//plugins/org.eclipse.justj.openjdk.hotspot.jre.full.win32.x86_64_21.0.6.v20250130-0529/jre/bin;C:\Program Files\Common Files\Oracle\Java\javapath;"C:\xampp\php;C:\Users\Darshana\Scripts\";C:\ORACLE\db_home\bin;C:\WINDOWS\system32;C:\WINDOWS;C:\WINDOWS\System32\Wbem;C:\WINDOWS\System32\WindowsPowerShell\v1.0\;C:\WINDOWS\System32\OpenSSH\;C:\MinGW\bin;C:\Program Files\dotnet\;C:\Program Files\Java\jdk-17.0.4.1;C:\xampp\php;C:\composer;C:\ProgramData\chocolatey\bin;C:\Users\Darshana\Downloads\jdk-22_windows-x64_bin\jdk-22.0.2\bin;C:\Users\Darshana\Downloads\jdk-22_windows-x64_bin\jdk-22.0.2\bin;C:\Program Files\Amazon\AWSCLIV2\;C:\Program Files\nodejs\;C:\Program Files\Java\jdk-22\bin;C:\Program Files\MySQL\MySQL Shell 8.0\bin\;C:\Users\Darshana\AppData\Local\Programs\Python\Python312\Scripts\;C:\Users\Darshana\AppData\Local\Programs\Python\Python312\;C:\Users\Darshana\AppData\Local\Microsoft\WindowsApps;C:\Users\Darshana\AppData\Local\Programs\Microsoft VS Code\bin;C:\MinGW\mingw32\bin;C:\Users\Darshana\Downloads\MinGW\bin;C:\Users\Darshana\Downloads\MinGW\lib\gcc\x86_64-w64-mingw32\11.2.0;C:\Users\Darshana\Python_Programs\PyCharm 2023.3.2\bin;;C:\Users\Darshana\AppData\Roaming\Composer\vendor\bin;C:\Users\Darshana\Downloads\apache-maven-3.9.9-bin\apache-maven-3.9.9\bin;C:\Users\Darshana\AppData\Roaming\npm;D:\Desktop files\sts-4.29.1.RELEASE;
USERNAME=Darshana
OS=Windows_NT
PROCESSOR_IDENTIFIER=Intel64 Family 6 Model 140 Stepping 1, GenuineIntel



---------------  S Y S T E M  ---------------

OS:
 Windows 10 , 64 bit Build 22621 (10.0.22621.5124)
OS uptime: 0 days 9:44 hours

CPU: total 4 (initial active 4) (2 cores per cpu, 2 threads per core) family 6 model 140 stepping 1 microcode 0x86, cx8, cmov, fxsr, ht, mmx, 3dnowpref, sse, sse2, sse3, ssse3, sse4.1, sse4.2, popcnt, lzcnt, tsc, tscinvbit, avx, avx2, aes, erms, clmul, bmi1, bmi2, adx, avx512f, avx512dq, avx512cd, avx512bw, avx512vl, sha, fma, vzeroupper, avx512_vpopcntdq, avx512_vpclmulqdq, avx512_vaes, avx512_vnni, clflush, clflushopt, clwb, avx512_vbmi2, avx512_vbmi

Memory: 4k page, system-wide physical 3790M (128M free)
TotalPageFile size 15566M (AvailPageFile size 40M)
current process WorkingSet (physical memory assigned to process): 237M, peak: 279M
current process commit charge ("private bytes"): 335M, peak: 335M

vm_info: Java HotSpot(TM) 64-Bit Server VM (17.0.1+12-LTS-39) for windows-amd64 JRE (17.0.1+12-LTS-39), built on Sep 27 2021 18:41:35 by "mach5one" with MS VC++ 16.8 (VS2019)

END.
